 INFO book_generator_log: in Manifest::pull_book_repo.  Rails env = production
 INFO book_generator_log: Pulling the book repo
 INFO book_generator_log: repo does not exist on the book generator.  Cloning it.
 INFO book_generator_log: Cloning /var/lpub/shared/book_repos/nodebeginner.
 INFO book_generator_log: [git] cloning repository (source: app@leanpub.com:/var/lpub/shared/book_repos/nodebeginner, destination: /var/lpub/shared/book_repos/nodebeginner)
DEBUG book_generator_log: [git] reading manuscript/Book.txt (path: /var/lpub/shared/book_repos/nodebeginner)
 INFO book_generator_log: fixing images.
 INFO book_generator_log: fixing all image problems
 INFO book_generator_log: getting image list
 INFO book_generator_log: getting image list for wholebook.html
 INFO book_generator_log: getting image data
 INFO book_generator_log: dealing with bad images
 INFO book_generator_log: #deal_with_bad_images, failed_images = 
{}
 INFO book_generator_log: changing image srcs
 INFO book_generator_log: @img_src_translations:
{}
DEBUG book_generator_log: generating with params: {"slug"=>"nodebeginner", "input_format"=>"html", "title"=>"The Node Beginner Book", "request_id"=>"7dab3010-8c75-012e-ec68-12313f007502", "warnings"=>[], "topic"=>"book.build.generate", "subtitle"=>"A comprehensive Node.js tutorial", "email_readers"=>false, "break_after_section"=>false, "author_string"=>"Manuel Kiessling", "requested_at"=>"2011-07-09T16:21:57+00:00", "page_size"=>"a5paper", "preview"=>true, "release_notes"=>nil}
 INFO book_generator_log: generating a PDF with filename: nodebeginner-preview.pdf, sample: false
 INFO book_generator_log: generating latex
 INFO book_generator_log: cd /var/lpub/shared/book_repos/nodebeginner/html_bodies_latex && /var/lpub/usr/local/bin/pandoc --base-header-level=0 --from=html --to=latex  --data-dir=/var/lpub/usr/local/share/pandoc-1.6.1/ --output=wholebook.tex wholebook.html
 INFO book_generator_log: cd /var/lpub/shared/book_repos/nodebeginner/html_bodies_latex && /var/lpub/usr/local/bin/pandoc --standalone --toc --from=markdown --to=latex  --output=/var/lpub/shared/book_repos/nodebeginner/html_bodies_latex/book-full.tex --template=/var/lpub/releases/20110709044414/book_generator/pandoc_templates/latex_template.tex --variable="assets_path:/var/lpub/releases/20110709044414/book_generator/assets" --variable="page_size:a5paper" --variable="title_page_image:/var/lpub/shared/book_repos/nodebeginner/manuscript/images/title_page.png" --variable="date:Sat Jul 09 16:28:27 +0000 2011" /var/lpub/shared/book_repos/nodebeginner/html_bodies_latex/book-includes.tex
 INFO book_generator_log: generating PDF from latex
 INFO book_generator_log: cmd: cd /var/lpub/shared/book_repos/nodebeginner/html_bodies_latex && xelatex --jobname=nodebeginner-preview --output-directory=/var/lpub/shared/book_repos/nodebeginner/output --halt-on-error --interaction=errorstopmode book-full.tex >> /tmp/xelatex.log 2>&1
 INFO book_generator_log: exit status: 256
 INFO book_generator_log: back from generate pdf
 INFO book_generator_log: generated title page
 INFO book_generator_log: uploading generated title page to S3
 INFO book_generator_log: putting file on S3 at titlepages.leanpub.com/tmp/nodebeginner-title_page.png with options {:access=>:public_read, "Content-Disposition"=>"attachment; filename=nodebeginner-title_page.png"}
 INFO book_generator_log: ****** Manifest#generate_epub_and_mobi, epub filename: nodebeginner-preview.epub, mobi filename: nodebeginner-preview.mobi, sample: false
 INFO book_generator_log: cd /var/lpub/shared/book_repos/nodebeginner && /var/lpub/usr/local/bin/pandoc --epub-metadata=/var/lpub/shared/book_repos/nodebeginner/metadata.xml --epub-stylesheet=/var/lpub/releases/20110709044414/book_generator/pandoc_templates/epub.css --from=html --to=epub --sanitize-html --standalone --output=/var/lpub/shared/book_repos/nodebeginner/output/nodebeginner-preview.epub /var/lpub/shared/book_repos/nodebeginner/html_bodies/book-full.html
 INFO book_generator_log: generate_mobi: cd /var/lpub/shared/book_repos/nodebeginner/output && /var/lpub/current/book_generator/bin/kindlegen nodebeginner-preview.epub -o nodebeginner-preview.mobi
ERROR book_generator_log: Command failed with status: 256 (cd /var/lpub/shared/book_repos/nodebeginner/output && /var/lpub/current/book_generator/bin/kindlegen nodebeginner-preview.epub -o nodebeginner-preview.mobi)
ERROR book_generator_log: 
***********************************************
* Amazon.com kindlegen(Linux)   V1.1 build 99 *
* A command line e-book compiler              *
* Copyright Amazon.com 2010                   *
***********************************************

opt -o:  output file name
opt version: try to minimize (default)
Info(prcgen): Added metadata dc:Title        "The Node Beginner Book: A comprehensive Node.js tutorial"
Info(prcgen): Added metadata dc:Creator      "Manuel Kiessling"
Info(prcgen): Parsing files  0000006
Info(prcgen): Resolving hyperlinks
Info(prcgen): Building table of content     URL: /tmp/fileIl04Lm/toc.ncx
Warning(prcgen): Cover not specified
Info(prcgen): Computing UNICODE ranges used in the book
Info(prcgen): Found UNICODE range: Basic Latin [20..7E]
Info(prcgen): Building MOBI file, record count:   0000024
Info(prcgen): Compiling HTML Parser restart information
Info(prcgen): Final stats - text compressed to (in % of original size):  046.98%
Info(prcgen): The document identifier is: "The_Node_Beg-de.js_tutorial"
Info(prcgen): The file format version is V6
Info(prcgen): Saving MOBI file
Info(prcgen): MOBI File generated with WARNINGS!

ERROR book_generator_log: 
 INFO book_generator_log: putting file on S3 at downloads.leanpub.com/nodebeginner-preview.pdf with options {"Content-Disposition"=>"attachment; filename=nodebeginner-preview.pdf"}
 INFO book_generator_log: putting file on S3 at downloads.leanpub.com/nodebeginner-preview.epub with options {"Content-Disposition"=>"attachment; filename=nodebeginner-preview.epub"}
 INFO book_generator_log: putting file on S3 at downloads.leanpub.com/nodebeginner-preview.mobi with options {"Content-Disposition"=>"attachment; filename=nodebeginner-preview.mobi"}
DEBUG book_generator_log: [git] reading manuscript/Sample.txt (path: /var/lpub/shared/book_repos/nodebeginner)
